<?xml version="1.0" encoding="UTF-8" ?>
<testsuite tests="11" failures="1" name="TestSuite" time="6.484" errors="0" skipped="7">
  <properties>
    <property name="java.runtime.name" value="Java(TM) SE Runtime Environment"/>
    <property name="sun.boot.library.path" value="/Library/Java/JavaVirtualMachines/jdk1.8.0_161.jdk/Contents/Home/jre/lib"/>
    <property name="java.vm.version" value="25.161-b12"/>
    <property name="gopherProxySet" value="false"/>
    <property name="java.vm.vendor" value="Oracle Corporation"/>
    <property name="maven.multiModuleProjectDirectory" value="/Users/slambson/slambson/hiring/coding challenges/what-would-you-change"/>
    <property name="java.vendor.url" value="http://java.oracle.com/"/>
    <property name="path.separator" value=":"/>
    <property name="guice.disable.misplaced.annotation.check" value="true"/>
    <property name="java.vm.name" value="Java HotSpot(TM) 64-Bit Server VM"/>
    <property name="file.encoding.pkg" value="sun.io"/>
    <property name="user.country" value="US"/>
    <property name="sun.java.launcher" value="SUN_STANDARD"/>
    <property name="sun.os.patch.level" value="unknown"/>
    <property name="java.vm.specification.name" value="Java Virtual Machine Specification"/>
    <property name="user.dir" value="/Users/slambson/slambson/hiring/coding challenges/what-would-you-change"/>
    <property name="java.runtime.version" value="1.8.0_161-b12"/>
    <property name="java.awt.graphicsenv" value="sun.awt.CGraphicsEnvironment"/>
    <property name="java.endorsed.dirs" value="/Library/Java/JavaVirtualMachines/jdk1.8.0_161.jdk/Contents/Home/jre/lib/endorsed"/>
    <property name="os.arch" value="x86_64"/>
    <property name="java.io.tmpdir" value="/var/folders/0d/h2szl_l150sdm4c_6s_k6w741p0b7y/T/"/>
    <property name="line.separator" value="
"/>
    <property name="java.vm.specification.vendor" value="Oracle Corporation"/>
    <property name="os.name" value="Mac OS X"/>
    <property name="classworlds.conf" value="/usr/local/Cellar/maven/3.5.0/libexec/bin/m2.conf"/>
    <property name="sun.jnu.encoding" value="UTF-8"/>
    <property name="java.library.path" value="/Users/slambson/slambson/Library/Java/Extensions:/Library/Java/Extensions:/Network/Library/Java/Extensions:/System/Library/Java/Extensions:/usr/lib/java:."/>
    <property name="maven.conf" value="/usr/local/Cellar/maven/3.5.0/libexec/conf"/>
    <property name="java.specification.name" value="Java Platform API Specification"/>
    <property name="java.class.version" value="52.0"/>
    <property name="sun.management.compiler" value="HotSpot 64-Bit Tiered Compilers"/>
    <property name="os.version" value="10.13.6"/>
    <property name="library.jansi.path" value="/usr/local/Cellar/maven/3.5.0/libexec/lib/jansi-native/osx64"/>
    <property name="user.home" value="/Users/slambson/slambson"/>
    <property name="user.timezone" value="America/Denver"/>
    <property name="java.awt.printerjob" value="sun.lwawt.macosx.CPrinterJob"/>
    <property name="java.specification.version" value="1.8"/>
    <property name="file.encoding" value="UTF-8"/>
    <property name="user.name" value="slambson"/>
    <property name="java.class.path" value="/usr/local/Cellar/maven/3.5.0/libexec/boot/plexus-classworlds-2.5.2.jar"/>
    <property name="java.vm.specification.version" value="1.8"/>
    <property name="sun.arch.data.model" value="64"/>
    <property name="java.home" value="/Library/Java/JavaVirtualMachines/jdk1.8.0_161.jdk/Contents/Home/jre"/>
    <property name="sun.java.command" value="org.codehaus.plexus.classworlds.launcher.Launcher clean install"/>
    <property name="java.specification.vendor" value="Oracle Corporation"/>
    <property name="user.language" value="en"/>
    <property name="awt.toolkit" value="sun.lwawt.macosx.LWCToolkit"/>
    <property name="java.vm.info" value="mixed mode"/>
    <property name="java.version" value="1.8.0_161"/>
    <property name="java.ext.dirs" value="/Users/slambson/slambson/Library/Java/Extensions:/Library/Java/JavaVirtualMachines/jdk1.8.0_161.jdk/Contents/Home/jre/lib/ext:/Library/Java/Extensions:/Network/Library/Java/Extensions:/System/Library/Java/Extensions:/usr/lib/java"/>
    <property name="sun.boot.class.path" value="/Library/Java/JavaVirtualMachines/jdk1.8.0_161.jdk/Contents/Home/jre/lib/resources.jar:/Library/Java/JavaVirtualMachines/jdk1.8.0_161.jdk/Contents/Home/jre/lib/rt.jar:/Library/Java/JavaVirtualMachines/jdk1.8.0_161.jdk/Contents/Home/jre/lib/sunrsasign.jar:/Library/Java/JavaVirtualMachines/jdk1.8.0_161.jdk/Contents/Home/jre/lib/jsse.jar:/Library/Java/JavaVirtualMachines/jdk1.8.0_161.jdk/Contents/Home/jre/lib/jce.jar:/Library/Java/JavaVirtualMachines/jdk1.8.0_161.jdk/Contents/Home/jre/lib/charsets.jar:/Library/Java/JavaVirtualMachines/jdk1.8.0_161.jdk/Contents/Home/jre/lib/jfr.jar:/Library/Java/JavaVirtualMachines/jdk1.8.0_161.jdk/Contents/Home/jre/classes"/>
    <property name="java.vendor" value="Oracle Corporation"/>
    <property name="maven.home" value="/usr/local/Cellar/maven/3.5.0/libexec"/>
    <property name="file.separator" value="/"/>
    <property name="java.vendor.url.bug" value="http://bugreport.sun.com/bugreport/"/>
    <property name="sun.cpu.endian" value="little"/>
    <property name="sun.io.unicode.encoding" value="UnicodeBig"/>
    <property name="sun.cpu.isalist" value=""/>
  </properties>
  <testcase classname="com.automation.techassessment.ui.Sauce.SauceDemoLoginTest" name="invalidLogin" time="0.396"/>
  <testcase classname="com.automation.techassessment.ui.Sauce.SauceDemoLoginTest" name="validLogin" time="1.29"/>
  <testcase classname="com.automation.techassessment.ui.Sauce.SauceDemoCartTest" name="addBackPackToCartTest" time="0.451"/>
  <testcase classname="com.automation.techassessment.api.tmdb.TVSearchTest" name="setup" time="0.542">
    <failure message="com.automation.techassessment.api.errors.ApiEndpointInitializationError: Need to pass in the tmdb.apiKey java opt" type="java.lang.Error">java.lang.Error: com.automation.techassessment.api.errors.ApiEndpointInitializationError: Need to pass in the tmdb.apiKey java opt
	at com.automation.techassessment.api.endpoints.ApiEndpointDefaults.&lt;clinit&gt;(ApiEndpointDefaults.java:37)
	at com.automation.techassessment.api.endpoints.ApiEndpoints$Builder.validateBaseUrl(ApiEndpoints.java:53)
	at com.automation.techassessment.api.endpoints.ApiEndpoints$Builder.build(ApiEndpoints.java:72)
	at com.automation.techassessment.api.tmdb.TVSearchTest.setup(TVSearchTest.java:23)
Caused by: com.automation.techassessment.api.errors.ApiEndpointInitializationError: Need to pass in the tmdb.apiKey java opt
	at com.automation.techassessment.APIPropertyManager.&lt;init&gt;(APIPropertyManager.java:24)
	at com.automation.techassessment.APIPropertyManager.getInstance(APIPropertyManager.java:36)
	at com.automation.techassessment.api.endpoints.ApiEndpointDefaults.init(ApiEndpointDefaults.java:53)
	at com.automation.techassessment.api.endpoints.ApiEndpointDefaults.&lt;clinit&gt;(ApiEndpointDefaults.java:35)
	... 41 more
</failure>
  </testcase>
  <testcase classname="com.automation.techassessment.api.tmdb.TVSearchTest" name="search_nonEnglishName_itemFound" time="0.543">
    <skipped/>
  </testcase>
  <testcase classname="com.automation.techassessment.api.tmdb.TVSearchTest" name="setup" time="0.543">
    <skipped/>
  </testcase>
  <testcase classname="com.automation.techassessment.api.tmdb.TVSearchTest" name="tv_genreList_verifyMultipleGenresAreReturned" time="0.543">
    <skipped/>
  </testcase>
  <testcase classname="com.automation.techassessment.api.tmdb.TVSearchTest" name="setup" time="0.544">
    <skipped/>
  </testcase>
  <testcase classname="com.automation.techassessment.api.tmdb.TVSearchTest" name="tv_genreList_verifyMultipleGenresAreReturned" time="0.544">
    <skipped/>
  </testcase>
  <testcase classname="com.automation.techassessment.api.tmdb.TVSearchTest" name="setup" time="0.544">
    <skipped/>
  </testcase>
  <testcase classname="com.automation.techassessment.api.tmdb.TVSearchTest" name="tv_genreList_verifyMultipleGenresAreReturned" time="0.544">
    <skipped/>
  </testcase>
</testsuite>