<?xml version="1.0" encoding="UTF-8"?>
<!-- Generated by org.testng.reporters.JUnitReportReporter -->
<testsuite skipped="4" hostname="SLC102476.local" name="com.automation.techassessment.api.tmdb.TVSearchTest" tests="5" failures="0" timestamp="30 Apr 2019 02:08:10 GMT" time="0.004" errors="1">
  <testcase name="setup" time="0.004" classname="com.automation.techassessment.api.tmdb.TVSearchTest">
    <error type="java.lang.Error" message="com.automation.techassessment.api.errors.ApiEndpointInitializationError: Need to pass in the tmdb.apiKey java opt">
      <![CDATA[java.lang.Error: com.automation.techassessment.api.errors.ApiEndpointInitializationError: Need to pass in the tmdb.apiKey java opt
at com.automation.techassessment.api.endpoints.ApiEndpointDefaults.<clinit>(ApiEndpointDefaults.java:37)
at com.automation.techassessment.api.endpoints.ApiEndpoints$Builder.validateBaseUrl(ApiEndpoints.java:53)
at com.automation.techassessment.api.endpoints.ApiEndpoints$Builder.build(ApiEndpoints.java:72)
at com.automation.techassessment.api.tmdb.TVSearchTest.setup(TVSearchTest.java:23)
at sun.reflect.NativeMethodAccessorImpl.invoke0(Native Method)
at sun.reflect.NativeMethodAccessorImpl.invoke(NativeMethodAccessorImpl.java:62)
at sun.reflect.DelegatingMethodAccessorImpl.invoke(DelegatingMethodAccessorImpl.java:43)
at java.lang.reflect.Method.invoke(Method.java:498)
at org.testng.internal.MethodInvocationHelper.invokeMethod(MethodInvocationHelper.java:124)
at org.testng.internal.MethodInvocationHelper.invokeMethodConsideringTimeout(MethodInvocationHelper.java:59)
at org.testng.internal.Invoker.invokeConfigurationMethod(Invoker.java:458)
at org.testng.internal.Invoker.invokeConfigurations(Invoker.java:222)
at org.testng.internal.Invoker.invokeMethod(Invoker.java:523)
at org.testng.internal.Invoker.invokeTestMethod(Invoker.java:719)
at org.testng.internal.Invoker.invokeTestMethods(Invoker.java:989)
at org.testng.internal.TestMethodWorker.invokeTestMethods(TestMethodWorker.java:125)
at org.testng.internal.TestMethodWorker.run(TestMethodWorker.java:109)
at org.testng.TestRunner.privateRun(TestRunner.java:648)
at org.testng.TestRunner.run(TestRunner.java:505)
at org.testng.SuiteRunner.runTest(SuiteRunner.java:455)
at org.testng.SuiteRunner.runSequentially(SuiteRunner.java:450)
at org.testng.SuiteRunner.privateRun(SuiteRunner.java:415)
at org.testng.SuiteRunner.run(SuiteRunner.java:364)
at org.testng.SuiteRunnerWorker.runSuite(SuiteRunnerWorker.java:52)
at org.testng.SuiteRunnerWorker.run(SuiteRunnerWorker.java:84)
at org.testng.TestNG.runSuitesSequentially(TestNG.java:1208)
at org.testng.TestNG.runSuitesLocally(TestNG.java:1137)
at org.testng.TestNG.runSuites(TestNG.java:1049)
at org.testng.TestNG.run(TestNG.java:1017)
at org.apache.maven.surefire.testng.TestNGExecutor.run(TestNGExecutor.java:77)
at org.apache.maven.surefire.testng.TestNGDirectoryTestSuite.executeMulti(TestNGDirectoryTestSuite.java:159)
at org.apache.maven.surefire.testng.TestNGDirectoryTestSuite.execute(TestNGDirectoryTestSuite.java:99)
at org.apache.maven.surefire.testng.TestNGProvider.invoke(TestNGProvider.java:106)
at sun.reflect.NativeMethodAccessorImpl.invoke0(Native Method)
at sun.reflect.NativeMethodAccessorImpl.invoke(NativeMethodAccessorImpl.java:62)
at sun.reflect.DelegatingMethodAccessorImpl.invoke(DelegatingMethodAccessorImpl.java:43)
at java.lang.reflect.Method.invoke(Method.java:498)
at org.apache.maven.surefire.util.ReflectionUtils.invokeMethodWithArray(ReflectionUtils.java:189)
at org.apache.maven.surefire.booter.ProviderFactory$ProviderProxy.invoke(ProviderFactory.java:165)
at org.apache.maven.surefire.booter.ProviderFactory.invokeProvider(ProviderFactory.java:85)
at org.apache.maven.surefire.booter.ForkedBooter.runSuitesInProcess(ForkedBooter.java:115)
at org.apache.maven.surefire.booter.ForkedBooter.main(ForkedBooter.java:75)
Caused by: com.automation.techassessment.api.errors.ApiEndpointInitializationError: Need to pass in the tmdb.apiKey java opt
at com.automation.techassessment.APIPropertyManager.<init>(APIPropertyManager.java:24)
at com.automation.techassessment.APIPropertyManager.getInstance(APIPropertyManager.java:36)
at com.automation.techassessment.api.endpoints.ApiEndpointDefaults.init(ApiEndpointDefaults.java:53)
at com.automation.techassessment.api.endpoints.ApiEndpointDefaults.<clinit>(ApiEndpointDefaults.java:35)
... 41 more
]]>
    </error>
  </testcase> <!-- setup -->
  <testcase name="tv_genreList_verifyMultipleGenresAreReturned" time="0.000" classname="com.automation.techassessment.api.tmdb.TVSearchTest">
    <skipped/>
  </testcase> <!-- tv_genreList_verifyMultipleGenresAreReturned -->
  <testcase name="tv_genreList_verifyMultipleGenresAreReturned" time="0.000" classname="com.automation.techassessment.api.tmdb.TVSearchTest">
    <skipped/>
  </testcase> <!-- tv_genreList_verifyMultipleGenresAreReturned -->
  <testcase name="tv_genreList_verifyMultipleGenresAreReturned" time="0.000" classname="com.automation.techassessment.api.tmdb.TVSearchTest">
    <skipped/>
  </testcase> <!-- tv_genreList_verifyMultipleGenresAreReturned -->
  <testcase name="search_nonEnglishName_itemFound" time="0.000" classname="com.automation.techassessment.api.tmdb.TVSearchTest">
    <skipped/>
  </testcase> <!-- search_nonEnglishName_itemFound -->
</testsuite> <!-- com.automation.techassessment.api.tmdb.TVSearchTest -->
