<?xml version="1.0" encoding="UTF-8"?>
<!-- Generated by org.testng.reporters.JUnitReportReporter -->
<testsuite skipped="0" hostname="SLC102476.local" name="com.automation.techassessment.ui.Sauce.SauceDemoCartTest" tests="1" failures="0" timestamp="30 Apr 2019 02:08:10 GMT" time="2.801" errors="0">
  <testcase name="addBackPackToCartTest" time="2.801" classname="com.automation.techassessment.ui.Sauce.SauceDemoCartTest"/>
</testsuite> <!-- com.automation.techassessment.ui.Sauce.SauceDemoCartTest -->
