<?xml version="1.0" encoding="UTF-8"?>
<!-- Generated by org.testng.reporters.JUnitReportReporter -->
<testsuite skipped="0" hostname="SLC102476.local" name="com.automation.techassessment.ui.Sauce.SauceDemoLoginTest" tests="2" failures="0" timestamp="30 Apr 2019 02:08:10 GMT" time="6.973" errors="0">
  <testcase name="invalidLogin" time="3.920" classname="com.automation.techassessment.ui.Sauce.SauceDemoLoginTest"/>
  <testcase name="validLogin" time="3.053" classname="com.automation.techassessment.ui.Sauce.SauceDemoLoginTest"/>
</testsuite> <!-- com.automation.techassessment.ui.Sauce.SauceDemoLoginTest -->
